Server running at http://localhost:3001
[Taobao] Starting batch listing 1 products...
[Taobao] Launching browser (channel: msedge)...
[Taobao] Browser launched successfully
[Taobao] Checking login status...
[Taobao] Navigation error: undefined
[Taobao] Final URL after login check: https://qn.taobao.com/home.html/SellManage/on_sale?current=1&pageSize=20
[Taobao] Already logged in

[Taobao] (1/1) 金丝皇菊 大朵黄山贡菊 50g罐装 花草茶 [类目: ??]
[Taobao] Nav error: undefined
[Taobao] URL: https://item.upload.taobao.com/sell/ai/category.htm?force=true
[Taobao] Searching category: "??"
[Taobao] ✓ Category page has content, proceeding...
[Taobao] Trying recommended tab first...
[Taobao] "推荐发品" tab not found or not visible
[Taobao] Clicking search tab...
[Taobao] Typing category keyword: "??"
[Taobao] Search submitted, waiting 4s for results...
[Taobao] Items on page: ["账号信息","店铺信息","亲，欢迎使用新版商品发布，点击查看使用教程","点击查看使用教程","搜索发品以图发品","搜索选择类目","搜索","搜索","搜索","选择类目"]
[Taobao] Found 1 category results
[Taobao] [0]: "亲，欢迎使用新版商品发布，点击查看使用教程搜索发品以图发品搜索选择类目全部标准产品我的商品标准产品更多粉底液/膏唇彩/唇蜜/唇釉/唇泥/唇霜粉饼身体乳/霜润唇膏化妆水/爽肤水唇膏/口红贴片面膜洗发水眼霜洗手液面部按摩霜沐浴露护手霜睫毛膏香水单方精油手机耳机励志科普读物其它腮红/胭脂纸尿裤正装身体喷雾发胶/发泥/发蜡牙刷/口腔清洁工具高考名校教材品牌IPSA/茵芙莎玉丽IPSA/茵芙莎 ???????????????我的商品更多纯棉浴巾柔软加厚水立方沙滩巾礼品洗澡巾通用全棉浴巾参考价：¥26.17元发布中式仿古密码锁复古锁头合金上锁首饰盒箱子横开挂锁衣橱柜门参考价：¥25.0元发布迷你湿巾小包便携迷你清洁儿童婴儿湿纸巾便携式擦脸餐厅学生湿巾参考价：¥2.01元发布a类华夫格纯棉浴巾全棉日式蜂窝沙滩巾透气吸水易干参考价：¥35.0元发布五星级酒店浴巾纯棉洗澡家用吸水不掉毛全棉加厚可做LOGO参考价：¥44.0元发布A类标准G3745纯棉日用品吸水浴巾商务回礼宾馆一件120*62参考价：¥31.2元发布确认，下一步"
[Taobao] ⚠ No good match found for "??" among 1 results. Picking first result.
[Taobao] Selected: "亲，欢迎使用新版商品发布，点击查看使用教程搜索发品以图发品搜索选择类目全部标准产品我的商品标准产品更多粉底液/膏唇彩/唇蜜/唇釉/唇泥/唇霜粉饼身体乳/霜润唇膏化妆水/爽肤水唇膏/口红贴片面膜洗发水眼霜洗手液面部按摩霜沐浴露护手霜睫毛膏香水单方精油手机耳机励志科普读物其它腮红/胭脂纸尿裤正装身体喷雾发胶/发泥/发蜡牙刷/口腔清洁工具高考名校教材品牌IPSA/茵芙莎玉丽IPSA/茵芙莎 ???????????????我的商品更多纯棉浴巾柔软加厚水立方沙滩巾礼品洗澡巾通用全棉浴巾参考价：¥26.17元发布中式仿古密码锁复古锁头合金上锁首饰盒箱子横开挂锁衣橱柜门参考价：¥25.0元发布迷你湿巾小包便携迷你清洁儿童婴儿湿纸巾便携式擦脸餐厅学生湿巾参考价：¥2.01元发布a类华夫格纯棉浴巾全棉日式蜂窝沙滩巾透气吸水易干参考价：¥35.0元发布五星级酒店浴巾纯棉洗澡家用吸水不掉毛全棉加厚可做LOGO参考价：¥44.0元发布A类标准G3745纯棉日用品吸水浴巾商务回礼宾馆一件120*62参考价：¥31.2元发布确认，下一步"
[Taobao] Clicking: "下一步"
[Taobao] Clicking: "确认"
[Taobao] Redirect timeout: page.waitForURL: Timeout 15000ms exceeded.
=========================== logs ===========================
waiting for navigation until "load"
============================================================
[Taobao] Final URL: https://item.upload.taobao.com/sell/ai/category.htm?force=true, onPublish: false
[Taobao] Category selection failed, waiting for manual redirect...
[Taobao] Redirect timeout: page.waitForFunction: Timeout 30000ms exceeded.
[Taobao] Not on publish page: https://item.upload.taobao.com/sell/ai/category.htm?force=true

[Taobao] Done: 0/1 published
[Taobao] Starting batch listing 1 products...
[Taobao] Launching browser (channel: msedge)...
[Taobao] Starting batch listing 1 products...
[Taobao] Launching browser (channel: msedge)...
[Taobao] Starting batch listing 1 products...
[Taobao] Launching browser (channel: msedge)...
[Taobao] Starting batch listing 1 products...
[Taobao] Launching browser (channel: msedge)...
[Taobao] Browser launched successfully
[Taobao] Checking login status...
[Taobao] Navigation error: undefined
[Taobao] Final URL after login check: https://qn.taobao.com/home.html/SellManage/on_sale?current=1&pageSize=20
[Taobao] Already logged in

[Taobao] (1/1) 金丝皇菊 大朵黄山贡菊 50g罐装 花草茶 [类目: ??]
[Taobao] Nav error: undefined
[Taobao] URL: https://item.upload.taobao.com/sell/ai/category.htm?force=true
[Taobao] Searching category: "??"
[Taobao] ✓ Category page has content, proceeding...
[Taobao] Trying recommended tab first...
[Taobao] "推荐发品" tab not found or not visible
[Taobao] Clicking search tab...
[Taobao] Typing category keyword: "??"
[Taobao] Search submitted, waiting 4s for results...
[Taobao] Items on page: ["账号信息","店铺信息","亲，欢迎使用新版商品发布，点击查看使用教程","点击查看使用教程","搜索发品以图发品","搜索选择类目","搜索","搜索","搜索","选择类目"]
[Taobao] Found 1 category results
[Taobao] [0]: "亲，欢迎使用新版商品发布，点击查看使用教程搜索发品以图发品搜索选择类目全部标准产品我的商品标准产品更多粉底液/膏唇彩/唇蜜/唇釉/唇泥/唇霜粉饼身体乳/霜润唇膏化妆水/爽肤水唇膏/口红贴片面膜洗发水眼霜洗手液面部按摩霜沐浴露护手霜睫毛膏香水单方精油手机耳机励志科普读物其它腮红/胭脂纸尿裤正装身体喷雾发胶/发泥/发蜡牙刷/口腔清洁工具高考名校教材品牌IPSA/茵芙莎玉丽IPSA/茵芙莎 ???????????????我的商品更多纯棉浴巾柔软加厚水立方沙滩巾礼品洗澡巾通用全棉浴巾参考价：¥26.17元发布中式仿古密码锁复古锁头合金上锁首饰盒箱子横开挂锁衣橱柜门参考价：¥25.0元发布迷你湿巾小包便携迷你清洁儿童婴儿湿纸巾便携式擦脸餐厅学生湿巾参考价：¥2.01元发布a类华夫格纯棉浴巾全棉日式蜂窝沙滩巾透气吸水易干参考价：¥35.0元发布五星级酒店浴巾纯棉洗澡家用吸水不掉毛全棉加厚可做LOGO参考价：¥44.0元发布A类标准G3745纯棉日用品吸水浴巾商务回礼宾馆一件120*62参考价：¥31.2元发布确认，下一步"
[Taobao] ⚠ No good match found for "??" among 1 results. Picking first result.
[Taobao] Selected: "亲，欢迎使用新版商品发布，点击查看使用教程搜索发品以图发品搜索选择类目全部标准产品我的商品标准产品更多粉底液/膏唇彩/唇蜜/唇釉/唇泥/唇霜粉饼身体乳/霜润唇膏化妆水/爽肤水唇膏/口红贴片面膜洗发水眼霜洗手液面部按摩霜沐浴露护手霜睫毛膏香水单方精油手机耳机励志科普读物其它腮红/胭脂纸尿裤正装身体喷雾发胶/发泥/发蜡牙刷/口腔清洁工具高考名校教材品牌IPSA/茵芙莎玉丽IPSA/茵芙莎 ???????????????我的商品更多纯棉浴巾柔软加厚水立方沙滩巾礼品洗澡巾通用全棉浴巾参考价：¥26.17元发布中式仿古密码锁复古锁头合金上锁首饰盒箱子横开挂锁衣橱柜门参考价：¥25.0元发布迷你湿巾小包便携迷你清洁儿童婴儿湿纸巾便携式擦脸餐厅学生湿巾参考价：¥2.01元发布a类华夫格纯棉浴巾全棉日式蜂窝沙滩巾透气吸水易干参考价：¥35.0元发布五星级酒店浴巾纯棉洗澡家用吸水不掉毛全棉加厚可做LOGO参考价：¥44.0元发布A类标准G3745纯棉日用品吸水浴巾商务回礼宾馆一件120*62参考价：¥31.2元发布确认，下一步"
[Taobao] Clicking: "下一步"
[Taobao] Clicking: "确认"
[Taobao] Redirect timeout: page.waitForURL: Timeout 15000ms exceeded.
=========================== logs ===========================
waiting for navigation until "load"
============================================================
[Taobao] Final URL: https://item.upload.taobao.com/sell/ai/category.htm?force=true, onPublish: false
[Taobao] Category selection failed, waiting for manual redirect...
[Taobao] Redirect timeout: page.waitForFunction: Timeout 30000ms exceeded.
[Taobao] Not on publish page: https://item.upload.taobao.com/sell/ai/category.htm?force=true

[Taobao] Done: 0/1 published
[Taobao] Starting batch listing 1 products...
[Taobao] Launching browser (channel: msedge)...
[Taobao] Starting batch listing 1 products...
[Taobao] Launching browser (channel: msedge)...
[Taobao] Starting batch listing 1 products...
[Taobao] Launching browser (channel: msedge)...
[Taobao] Starting batch listing 1 products...
[Taobao] Launching browser (channel: msedge)...
[Taobao] Browser launched successfully
[Taobao] Checking login status...
[Taobao] Navigation error: undefined
[Taobao] Final URL after login check: https://qn.taobao.com/home.html/SellManage/on_sale?current=1&pageSize=20
[Taobao] Already logged in

[Taobao] (1/1) 金丝皇菊 大朵黄山贡菊 50g罐装 花草茶 [类目: ??]
[Taobao] Nav error: undefined
[Taobao] URL: https://item.upload.taobao.com/sell/ai/category.htm?force=true
[Taobao] Searching category: "??"
[Taobao] ✓ Category page has content, proceeding...
[Taobao] Trying recommended tab first...
[Taobao] "推荐发品" tab not found or not visible
[Taobao] Clicking search tab...
[Taobao] Typing category keyword: "??"
[Taobao] Search submitted, waiting 4s for results...
[Taobao] Items on page: ["账号信息","店铺信息","亲，欢迎使用新版商品发布，点击查看使用教程","点击查看使用教程","搜索发品以图发品","搜索选择类目","搜索","搜索","搜索","选择类目"]
[Taobao] Found 1 category results
[Taobao] [0]: "亲，欢迎使用新版商品发布，点击查看使用教程搜索发品以图发品搜索选择类目全部标准产品我的商品标准产品更多粉底液/膏唇彩/唇蜜/唇釉/唇泥/唇霜粉饼身体乳/霜润唇膏化妆水/爽肤水唇膏/口红贴片面膜洗发水眼霜洗手液面部按摩霜沐浴露护手霜睫毛膏香水单方精油手机耳机励志科普读物其它腮红/胭脂纸尿裤正装身体喷雾发胶/发泥/发蜡牙刷/口腔清洁工具高考名校教材品牌IPSA/茵芙莎玉丽IPSA/茵芙莎 ???????????????我的商品更多纯棉浴巾柔软加厚水立方沙滩巾礼品洗澡巾通用全棉浴巾参考价：¥26.17元发布中式仿古密码锁复古锁头合金上锁首饰盒箱子横开挂锁衣橱柜门参考价：¥25.0元发布迷你湿巾小包便携迷你清洁儿童婴儿湿纸巾便携式擦脸餐厅学生湿巾参考价：¥2.01元发布a类华夫格纯棉浴巾全棉日式蜂窝沙滩巾透气吸水易干参考价：¥35.0元发布五星级酒店浴巾纯棉洗澡家用吸水不掉毛全棉加厚可做LOGO参考价：¥44.0元发布A类标准G3745纯棉日用品吸水浴巾商务回礼宾馆一件120*62参考价：¥31.2元发布确认，下一步"
[Taobao] ⚠ No good match found for "??" among 1 results. Picking first result.
[Taobao] Selected: "亲，欢迎使用新版商品发布，点击查看使用教程搜索发品以图发品搜索选择类目全部标准产品我的商品标准产品更多粉底液/膏唇彩/唇蜜/唇釉/唇泥/唇霜粉饼身体乳/霜润唇膏化妆水/爽肤水唇膏/口红贴片面膜洗发水眼霜洗手液面部按摩霜沐浴露护手霜睫毛膏香水单方精油手机耳机励志科普读物其它腮红/胭脂纸尿裤正装身体喷雾发胶/发泥/发蜡牙刷/口腔清洁工具高考名校教材品牌IPSA/茵芙莎玉丽IPSA/茵芙莎 ???????????????我的商品更多纯棉浴巾柔软加厚水立方沙滩巾礼品洗澡巾通用全棉浴巾参考价：¥26.17元发布中式仿古密码锁复古锁头合金上锁首饰盒箱子横开挂锁衣橱柜门参考价：¥25.0元发布迷你湿巾小包便携迷你清洁儿童婴儿湿纸巾便携式擦脸餐厅学生湿巾参考价：¥2.01元发布a类华夫格纯棉浴巾全棉日式蜂窝沙滩巾透气吸水易干参考价：¥35.0元发布五星级酒店浴巾纯棉洗澡家用吸水不掉毛全棉加厚可做LOGO参考价：¥44.0元发布A类标准G3745纯棉日用品吸水浴巾商务回礼宾馆一件120*62参考价：¥31.2元发布确认，下一步"
[Taobao] Clicking: "下一步"
[Taobao] Clicking: "确认"
[Taobao] Redirect timeout: page.waitForURL: Timeout 15000ms exceeded.
=========================== logs ===========================
waiting for navigation until "load"
============================================================
[Taobao] Final URL: https://item.upload.taobao.com/sell/ai/category.htm?force=true, onPublish: false
[Taobao] Category selection failed, waiting for manual redirect...
[Taobao] Redirect timeout: page.waitForFunction: Timeout 30000ms exceeded.
[Taobao] Not on publish page: https://item.upload.taobao.com/sell/ai/category.htm?force=true

[Taobao] Done: 0/1 published
