Server running at http://localhost:3001
[Taobao] Starting batch listing 1 products...
[Taobao] Launching browser (Playwright Chromium)...
[Taobao] Browser launched successfully
[Taobao] Checking login status...
[Taobao] Navigation error: undefined
[Taobao] Final URL after login check: https://qn.taobao.com/home.html/SellManage/on_sale?current=1&pageSize=20
[Taobao] Already logged in

[Taobao] (1/1) 金丝皇菊 大朵黄山贡菊 50g罐装 花草茶 [类目: 花茶]
[Taobao] Nav error: undefined
[Taobao] URL: https://item.upload.taobao.com/sell/ai/category.htm?force=true
[Taobao] Searching category: "花茶"
[Taobao] Clicking search tab...
[Taobao] Search input not found, trying fallback...
[Taobao] Category selection failed, waiting for manual redirect...
[Taobao] Redirect timeout: page.waitForFunction: Timeout 30000ms exceeded.
[Taobao] Not on publish page: https://item.upload.taobao.com/sell/ai/category.htm?force=true

[Taobao] Done: 0/1 published
[Taobao] Starting batch listing 1 products...
[Taobao] Launching browser (Playwright Chromium)...
[Taobao] Starting batch listing 1 products...
[Taobao] Launching browser (Playwright Chromium)...
[Taobao] Starting batch listing 1 products...
[Taobao] Launching browser (Playwright Chromium)...
[Taobao] Starting batch listing 1 products...
[Taobao] Launching browser (Playwright Chromium)...
[Taobao] Browser launched successfully
[Taobao] Checking login status...
[Taobao] Navigation error: undefined
[Taobao] Final URL after login check: https://loginmyseller.taobao.com/?from=taobaoindex&f=top&style=&sub=true&redirect_url=https%3A%2F%2Fqn.taobao.com%2Fhome.html%2FSellManage%2Fon_sale%3Fcurrent%3D1%26pageSize%3D20
[Taobao] Login required - please scan QR code...
[Taobao] Login completed

[Taobao] (1/1) 金丝皇菊 大朵黄山贡菊 50g罐装 花草茶 [类目: 花茶]
[Taobao] Nav error: undefined
[Taobao] URL: https://login.taobao.com/havanaone/login/login.htm?bizName=taobao&redirectURL=http%3A%2F%2Fitem.upload.taobao.com%2Fsell%2Fai%2Fcategory.htm%3Fforce%3Dtrue
[Taobao] Searching category: "花茶"
[Taobao] Clicking search tab...
[Taobao] Search input not found, trying fallback...
[Taobao] Category selection failed, waiting for manual redirect...
[Taobao] Redirect timeout: page.waitForFunction: Timeout 30000ms exceeded.
[Taobao] Not on publish page: https://login.taobao.com/havanaone/login/login.htm?bizName=taobao&redirectURL=http%3A%2F%2Fitem.upload.taobao.com%2Fsell%2Fai%2Fcategory.htm%3Fforce%3Dtrue

[Taobao] Done: 0/1 published
[Taobao] Starting batch listing 1 products...
[Taobao] Launching browser (Playwright Chromium)...
[Taobao] Starting batch listing 1 products...
[Taobao] Launching browser (Playwright Chromium)...
[Taobao] Browser launched successfully
[Taobao] Checking login status...
[Taobao] Navigation error: undefined
[Taobao] Final URL after login check: https://loginmyseller.taobao.com/?from=taobaoindex&f=top&style=&sub=true&redirect_url=https%3A%2F%2Fqn.taobao.com%2Fhome.html%2FSellManage%2Fon_sale%3Fcurrent%3D1%26pageSize%3D20
[Taobao] Login required - please scan QR code...
[Taobao] Login completed

[Taobao] (1/1) 金丝皇菊 大朵黄山贡菊 50g罐装 花草茶 [类目: 花茶]
[Taobao] Nav error: undefined
[Taobao] URL: https://login.taobao.com/havanaone/login/login.htm?bizName=taobao&redirectURL=http%3A%2F%2Fitem.upload.taobao.com%2Fsell%2Fai%2Fcategory.htm%3Fforce%3Dtrue
[Taobao] Searching category: "花茶"
[Taobao] Clicking search tab...
[Taobao] Search input not found, trying fallback...
[Taobao] Category selection failed, waiting for manual redirect...
[Taobao] Redirect timeout: page.waitForFunction: Timeout 30000ms exceeded.
[Taobao] Not on publish page: https://login.taobao.com/havanaone/login/login.htm?bizName=taobao&redirectURL=http%3A%2F%2Fitem.upload.taobao.com%2Fsell%2Fai%2Fcategory.htm%3Fforce%3Dtrue

[Taobao] Done: 0/1 published
